<?xml version="1.0" encoding="UTF-8"?>
<!-- Generated by org.testng.reporters.JUnitReportReporter -->
<testsuite hostname="gis-ПК" name="com.example.tests.GroupCreationTests" tests="2" failures="0" timestamp="20 Dec 2015 19:10:16 GMT" time="4.008" errors="0">
  <testcase name="testNonEmptyGroupCreation" time="1.753" classname="com.example.tests.GroupCreationTests"/>
  <testcase name="testEmptyGroupCreation" time="2.255" classname="com.example.tests.GroupCreationTests"/>
</testsuite> <!-- com.example.tests.GroupCreationTests -->
