<?xml version="1.0" encoding="UTF-8"?>
<!-- Generated by org.testng.reporters.JUnitReportReporter -->
<testsuite hostname="gis-ПК" name="com.example.tests.ContactCreationTests" tests="2" failures="0" timestamp="21 Dec 2015 06:24:00 GMT" time="4.600" errors="0">
  <testcase name="testEmptyContactCreation" time="2.120" classname="com.example.tests.ContactCreationTests"/>
  <testcase name="testNonEmptyContactCreation" time="2.480" classname="com.example.tests.ContactCreationTests"/>
</testsuite> <!-- com.example.tests.ContactCreationTests -->
