<?xml version="1.0" encoding="UTF-8"?>
<!-- Generated by org.testng.reporters.JUnitReportReporter -->
<testsuite hostname="gis-ПК" name="com.example.tests.GroupCreationTests" tests="2" failures="0" timestamp="21 Dec 2015 06:24:00 GMT" time="4.143" errors="0">
  <testcase name="testNonEmptyGroupCreation" time="2.062" classname="com.example.tests.GroupCreationTests"/>
  <testcase name="testEmptyGroupCreation" time="2.081" classname="com.example.tests.GroupCreationTests"/>
</testsuite> <!-- com.example.tests.GroupCreationTests -->
