<?xml version="1.0" encoding="UTF-8"?>
<!-- Generated by org.testng.reporters.JUnitReportReporter -->
<testsuite hostname="gis-ПК" name="com.example.tests.GroupCreationTests" tests="2" failures="0" timestamp="20 Dec 2015 15:59:10 GMT" time="7.163" errors="0">
  <testcase name="testEmptyGroupCreation" time="5.315" classname="com.example.tests.GroupCreationTests"/>
  <testcase name="testNonEmptyGroupCreation" time="1.848" classname="com.example.tests.GroupCreationTests"/>
</testsuite> <!-- com.example.tests.GroupCreationTests -->
