<?xml version="1.0" encoding="UTF-8"?>
<!-- Generated by org.testng.reporters.JUnitReportReporter -->
<testsuite hostname="gis-ПК" name="com.example.tests.ContactCreationTests" tests="1" failures="0" timestamp="21 Dec 2015 06:13:40 GMT" time="3.195" errors="0">
  <testcase name="testUntitled" time="3.195" classname="com.example.tests.ContactCreationTests"/>
</testsuite> <!-- com.example.tests.ContactCreationTests -->
