<?xml version="1.0" encoding="UTF-8"?>
<!-- Generated by org.testng.reporters.JUnitReportReporter -->
<testsuite hostname="gis-ПК" name="com.example.tests.ContactCreationTests" tests="1" failures="0" timestamp="20 Dec 2015 19:10:16 GMT" time="8.648" errors="0">
  <testcase name="testUntitled" time="8.648" classname="com.example.tests.ContactCreationTests"/>
</testsuite> <!-- com.example.tests.ContactCreationTests -->
