<?xml version="1.0" encoding="UTF-8"?>
<!-- Generated by org.testng.reporters.JUnitReportReporter -->
<testsuite hostname="gis-ПК" name="com.example.tests.GroupCreationTests" tests="2" failures="0" timestamp="21 Dec 2015 06:13:40 GMT" time="6.262" errors="0">
  <testcase name="testNonEmptyGroupCreation" time="2.036" classname="com.example.tests.GroupCreationTests"/>
  <testcase name="testEmptyGroupCreation" time="4.226" classname="com.example.tests.GroupCreationTests"/>
</testsuite> <!-- com.example.tests.GroupCreationTests -->
